<?xml version="1.0" encoding="UTF-8"?>
<!-- Generated by org.testng.reporters.JUnitReportReporter -->
<testsuite hostname="uday18mega" failures="0" tests="1" name="myAppTest.AppiumBase" time="17.947" errors="0" timestamp="2025-04-27T07:56:08 IST" skipped="0">
  <testcase classname="myAppTest.AppiumBase" name="configureAppium" time="17.947"/>
  <system-out/>
</testsuite> <!-- myAppTest.AppiumBase -->
