<?xml version="1.0" encoding="UTF-8"?>
<!-- Generated by org.testng.reporters.JUnitReportReporter -->
<testsuite hostname="uday18mega" failures="0" tests="1" name="myAppTest.AppInfoset" time="10.720" errors="0" timestamp="2025-04-26T13:03:01 IST" skipped="0">
  <testcase classname="myAppTest.AppInfoset" name="capability" time="10.720"/>
  <system-out/>
</testsuite> <!-- myAppTest.AppInfoset -->
