<?xml version="1.0" encoding="UTF-8"?>
<!-- Generated by org.testng.reporters.JUnitReportReporter -->
<testsuite hostname="uday18mega" failures="0" tests="1" name="myAppTest.AppStatus" time="21.656" errors="0" timestamp="2025-04-28T06:10:53 IST" skipped="0">
  <testcase classname="myAppTest.AppStatus" name="LaunchApp" time="21.656"/>
  <system-out/>
</testsuite> <!-- myAppTest.AppStatus -->
